<?xml version="1.0" encoding="UTF-8"?>
<!-- Generated by org.testng.reporters.JUnitReportReporter -->
<testsuite skipped="0" hostname="DESKTOP-VMSO8QB" name="com.projectName.companyName.testcases.SelectDropDownValues" tests="1" failures="0" timestamp="21 Jul 2020 16:26:59 GMT" time="21.137" errors="0">
  <testcase name="loginTest" time="21.137" classname="com.projectName.companyName.testcases.SelectDropDownValues"/>
</testsuite> <!-- com.projectName.companyName.testcases.SelectDropDownValues -->
