<?xml version="1.0" encoding="UTF-8"?>
<!-- Generated by org.testng.reporters.JUnitReportReporter -->
<testsuite skipped="0" hostname="DESKTOP-VMSO8QB" name="com.projectName.companyName.testcases.ActionsTest" tests="1" failures="0" timestamp="06 Jul 2020 17:11:50 GMT" time="24.500" errors="0">
  <testcase name="loginTest" time="24.500" classname="com.projectName.companyName.testcases.ActionsTest"/>
</testsuite> <!-- com.projectName.companyName.testcases.ActionsTest -->
