<?xml version="1.0" encoding="UTF-8"?>
<!-- Generated by org.testng.reporters.JUnitReportReporter -->
<testsuite skipped="0" hostname="DESKTOP-VMSO8QB" name="com.projectName.companyName.testcases.TC001" tests="1" failures="0" timestamp="01 Jul 2020 16:21:29 GMT" time="52.422" errors="0">
  <testcase name="loginTest" time="52.422" classname="com.projectName.companyName.testcases.TC001"/>
</testsuite> <!-- com.projectName.companyName.testcases.TC001 -->
