<?xml version="1.0" encoding="UTF-8"?>
<!-- Generated by org.testng.reporters.JUnitReportReporter -->
<testsuite skipped="0" hostname="DESKTOP-VMSO8QB" name="com.projectName.companyName.testcases.TC002" tests="2" failures="0" timestamp="18 Jul 2020 06:26:06 GMT" time="59.951" errors="0">
  <testcase name="suspended" time="28.265" classname="com.projectName.companyName.testcases.TC002"/>
  <testcase name="suspended" time="31.686" classname="com.projectName.companyName.testcases.TC002"/>
</testsuite> <!-- com.projectName.companyName.testcases.TC002 -->
