<?xml version="1.0" encoding="UTF-8"?>
<!-- Generated by org.testng.reporters.JUnitReportReporter -->
<testsuite skipped="0" hostname="DESKTOP-VMSO8QB" name="com.projectName.companyName.testcases.TC002" tests="2" failures="0" timestamp="27 Jun 2020 05:37:46 GMT" time="35.865" errors="0">
  <testcase name="suspended" time="17.546" classname="com.projectName.companyName.testcases.TC002"/>
  <testcase name="suspended" time="18.319" classname="com.projectName.companyName.testcases.TC002"/>
</testsuite> <!-- com.projectName.companyName.testcases.TC002 -->
