<?xml version="1.0" encoding="UTF-8"?>
<!-- Generated by org.testng.reporters.JUnitReportReporter -->
<testsuite skipped="0" hostname="DESKTOP-VMSO8QB" name="com.projectName.companyName.testcases.SKulitesting" tests="1" failures="0" timestamp="09 Jul 2020 16:46:16 GMT" time="24.258" errors="0">
  <testcase name="loginTest" time="24.258" classname="com.projectName.companyName.testcases.SKulitesting"/>
</testsuite> <!-- com.projectName.companyName.testcases.SKulitesting -->
