<?xml version="1.0" encoding="UTF-8"?>
<!-- Generated by org.testng.reporters.JUnitReportReporter -->
<testsuite skipped="0" hostname="DESKTOP-VMSO8QB" name="com.projectName.companyName.testcases.MultiplewindowsHandling" tests="1" failures="0" timestamp="08 Jul 2020 16:27:31 GMT" time="25.679" errors="0">
  <testcase name="loginTest" time="25.679" classname="com.projectName.companyName.testcases.MultiplewindowsHandling"/>
</testsuite> <!-- com.projectName.companyName.testcases.MultiplewindowsHandling -->
