<?xml version="1.0" encoding="UTF-8"?>
<!-- Generated by org.testng.reporters.JUnitReportReporter -->
<testsuite skipped="0" hostname="DESKTOP-VMSO8QB" name="com.projectName.companyName.testcases.TC001" tests="1" failures="0" timestamp="18 Jul 2020 06:26:06 GMT" time="21.685" errors="0">
  <testcase name="loginTest" time="21.685" classname="com.projectName.companyName.testcases.TC001"/>
</testsuite> <!-- com.projectName.companyName.testcases.TC001 -->
