<?xml version="1.0" encoding="UTF-8"?>
<!-- Generated by org.testng.reporters.JUnitReportReporter -->
<testsuite skipped="0" hostname="DESKTOP-VMSO8QB" name="com.projectName.companyName.testcases.SelectDropDownValues" tests="1" failures="0" timestamp="06 Jul 2020 16:30:28 GMT" time="18.980" errors="0">
  <testcase name="loginTest" time="18.980" classname="com.projectName.companyName.testcases.SelectDropDownValues"/>
</testsuite> <!-- com.projectName.companyName.testcases.SelectDropDownValues -->
