<?xml version="1.0" encoding="UTF-8"?>
<!-- Generated by org.testng.reporters.JUnitReportReporter -->
<testsuite skipped="0" hostname="DESKTOP-VMSO8QB" name="com.projectName.companyName.testcases.fileUpload" tests="1" failures="0" timestamp="09 Jul 2020 16:23:50 GMT" time="23.146" errors="0">
  <testcase name="loginTest" time="23.146" classname="com.projectName.companyName.testcases.fileUpload"/>
</testsuite> <!-- com.projectName.companyName.testcases.fileUpload -->
