<?xml version="1.0" encoding="UTF-8"?>
<!-- Generated by org.testng.reporters.JUnitReportReporter -->
<testsuite skipped="0" hostname="DESKTOP-VMSO8QB" name="com.projectName.companyName.testcases.TC004" tests="2" failures="0" timestamp="27 Jun 2020 05:37:46 GMT" time="44.461" errors="0">
  <testcase name="InvalidloginTest" time="23.606" classname="com.projectName.companyName.testcases.TC004"/>
  <testcase name="InvalidloginTest" time="20.855" classname="com.projectName.companyName.testcases.TC004"/>
</testsuite> <!-- com.projectName.companyName.testcases.TC004 -->
