<?xml version="1.0" encoding="UTF-8"?>
<!-- Generated by org.testng.reporters.JUnitReportReporter -->
<testsuite skipped="0" hostname="DESKTOP-VMSO8QB" name="com.projectName.companyName.testcases.TC003" tests="2" failures="0" timestamp="27 Jun 2020 05:37:46 GMT" time="35.088" errors="0">
  <testcase name="verification" time="17.745" classname="com.projectName.companyName.testcases.TC003"/>
  <testcase name="verification" time="17.343" classname="com.projectName.companyName.testcases.TC003"/>
</testsuite> <!-- com.projectName.companyName.testcases.TC003 -->
