<?xml version="1.0" encoding="UTF-8"?>
<!-- Generated by org.testng.reporters.JUnitReportReporter -->
<testsuite skipped="0" hostname="DESKTOP-VMSO8QB" name="com.projectName.companyName.testcases.MultiplewindowsHandling" tests="1" failures="0" timestamp="18 Jul 2020 07:31:49 GMT" time="62.304" errors="0">
  <testcase name="loginTest" time="62.304" classname="com.projectName.companyName.testcases.MultiplewindowsHandling"/>
</testsuite> <!-- com.projectName.companyName.testcases.MultiplewindowsHandling -->
