<?xml version="1.0" encoding="UTF-8"?>
<!-- Generated by org.testng.reporters.JUnitReportReporter -->
<testsuite skipped="0" hostname="DESKTOP-VMSO8QB" name="com.projectName.companyName.testcases.TC001" tests="1" failures="0" timestamp="18 Jul 2020 07:31:49 GMT" time="20.405" errors="0">
  <testcase name="loginTest" time="20.405" classname="com.projectName.companyName.testcases.TC001"/>
</testsuite> <!-- com.projectName.companyName.testcases.TC001 -->
