<?xml version="1.0" encoding="UTF-8"?>
<!-- Generated by org.testng.reporters.JUnitReportReporter -->
<testsuite skipped="0" hostname="DESKTOP-VMSO8QB" name="com.projectName.companyName.testcases.TC002" tests="2" failures="0" timestamp="18 Jul 2020 07:31:49 GMT" time="68.926" errors="0">
  <testcase name="suspended" time="46.092" classname="com.projectName.companyName.testcases.TC002"/>
  <testcase name="suspended" time="22.834" classname="com.projectName.companyName.testcases.TC002"/>
</testsuite> <!-- com.projectName.companyName.testcases.TC002 -->
